-15 - rsu1  has a demand of  0  (0 B and 0 C).  dec:  0  inc:  0  bl:  5000000 .  0 cars. r  0
-15 - rsu2  has a demand of  0  (0 B and 0 C).  dec:  0  inc:  0  bl:  5000000 .  0 cars. r  0
-15 - rsu3  has a demand of  0  (0 B and 0 C).  dec:  0  inc:  0  bl:  5000000 .  0 cars. r  0

 =========================================//===============================================================
-10 - rsu1  has a demand of  0  (0 B and 0 C).  dec:  0  inc:  0  bl:  5000000 .  0 cars. r  0
-10 - rsu2  has a demand of  0  (0 B and 0 C).  dec:  0  inc:  0  bl:  5000000 .  0 cars. r  0
-10 - rsu3  has a demand of  0  (0 B and 0 C).  dec:  0  inc:  0  bl:  5000000 .  0 cars. r  0

 =========================================//===============================================================
-4 - rsu1  has a demand of  0  (0 B and 0 C).  dec:  0  inc:  0  bl:  5000000 .  0 cars. r  0
-4 - rsu2  has a demand of  0  (0 B and 0 C).  dec:  0  inc:  0  bl:  5000000 .  0 cars. r  0
-4 - rsu3  has a demand of  0  (0 B and 0 C).  dec:  0  inc:  0  bl:  5000000 .  0 cars. r  0

 =========================================//===============================================================
1 - rsu1  has a demand of  0  (0 B and 0 C).  dec:  0  inc:  0  bl:  5000000 .  0 cars. r  0
1 - rsu2  has a demand of  0  (0 B and 0 C).  dec:  0  inc:  0  bl:  5000000 .  0 cars. r  0
1 - rsu3  has a demand of  0  (0 B and 0 C).  dec:  0  inc:  0  bl:  5000000 .  0 cars. r  0

 =========================================//===============================================================
7 - rsu1  has a demand of  0  (0 B and 0 C).  dec:  0  inc:  0  bl:  5000000 .  0 cars. r  0
7 - rsu2  has a demand of  0  (0 B and 0 C).  dec:  0  inc:  0  bl:  5000000 .  0 cars. r  0
7 - rsu3  has a demand of  0  (0 B and 0 C).  dec:  0  inc:  0  bl:  5000000 .  0 cars. r  0

 =========================================//===============================================================
12 - rsu1  has a demand of  0  (0 B and 0 C).  dec:  0  inc:  0  bl:  5000000 .  0 cars. r  0
12 - rsu2  has a demand of  0  (0 B and 0 C).  dec:  0  inc:  0  bl:  5000000 .  0 cars. r  0
12 - rsu3  has a demand of  0  (0 B and 0 C).  dec:  0  inc:  0  bl:  5000000 .  0 cars. r  0

 =========================================//===============================================================
18 - rsu1  has a demand of  0  (0 B and 0 C).  dec:  0  inc:  0  bl:  5000000 .  0 cars. r  0
18 - rsu2  has a demand of  0  (0 B and 0 C).  dec:  0  inc:  0  bl:  5000000 .  0 cars. r  0
18 - rsu3  has a demand of  0  (0 B and 0 C).  dec:  0  inc:  0  bl:  5000000 .  0 cars. r  0

 =========================================//===============================================================
23 - rsu1  has a demand of  0  (0 B and 0 C).  dec:  0  inc:  0  bl:  5000000 .  0 cars. r  0
23 - rsu2  has a demand of  0  (0 B and 0 C).  dec:  0  inc:  0  bl:  5000000 .  0 cars. r  0
23 - rsu3  has a demand of  0  (0 B and 0 C).  dec:  0  inc:  0  bl:  5000000 .  0 cars. r  0

 =========================================//===============================================================
28 - rsu1  has a demand of  0  (0 B and 0 C).  dec:  0  inc:  0  bl:  5000000 .  0 cars. r  0
28 - rsu2  has a demand of  0  (0 B and 0 C).  dec:  0  inc:  0  bl:  5000000 .  0 cars. r  0
29 - rsu3  has a demand of  0  (0 B and 0 C).  dec:  0  inc:  0  bl:  5000000 .  0 cars. r  0

 =========================================//===============================================================
34 - rsu1  has a demand of  0  (0 B and 0 C).  dec:  0  inc:  0  bl:  5000000 .  0 cars. r  0
34 - rsu2  has a demand of  0  (0 B and 0 C).  dec:  0  inc:  0  bl:  5000000 .  0 cars. r  0
34 - rsu3  has a demand of  0  (0 B and 0 C).  dec:  0  inc:  0  bl:  5000000 .  0 cars. r  0

 =========================================//===============================================================
39 - rsu1  has a demand of  0  (0 B and 0 C).  dec:  0  inc:  0  bl:  5000000 .  0 cars. r  0
39 - rsu2  has a demand of  0  (0 B and 0 C).  dec:  0  inc:  0  bl:  5000000 .  0 cars. r  0
39 - rsu3  has a demand of  0  (0 B and 0 C).  dec:  0  inc:  0  bl:  5000000 .  0 cars. r  0

 =========================================//===============================================================
45 - rsu1  has a demand of  0  (0 B and 0 C).  dec:  0  inc:  0  bl:  5000000 .  0 cars. r  0
45 - rsu2  has a demand of  0  (0 B and 0 C).  dec:  0  inc:  0  bl:  5000000 .  0 cars. r  0
45 - rsu3  has a demand of  0  (0 B and 0 C).  dec:  0  inc:  0  bl:  5000000 .  0 cars. r  0

 =========================================//===============================================================
50 - rsu1  has a demand of  0  (0 B and 0 C).  dec:  0  inc:  0  bl:  5000000 .  0 cars. r  0
50 - rsu2  has a demand of  0  (0 B and 0 C).  dec:  0  inc:  0  bl:  5000000 .  0 cars. r  0
50 - rsu3  has a demand of  0  (0 B and 0 C).  dec:  0  inc:  0  bl:  5000000 .  0 cars. r  0

 =========================================//===============================================================
56 - rsu1  has a demand of  0  (0 B and 0 C).  dec:  0  inc:  0  bl:  5000000 .  0 cars. r  0
56 - rsu2  has a demand of  0  (0 B and 0 C).  dec:  0  inc:  0  bl:  5000000 .  0 cars. r  0
56 - rsu3  has a demand of  0  (0 B and 0 C).  dec:  0  inc:  0  bl:  5000000 .  0 cars. r  0

 =========================================//===============================================================
61 - rsu1  has a demand of  0  (0 B and 0 C).  dec:  0  inc:  0  bl:  5000000 .  0 cars. r  0
61 - rsu2  has a demand of  0  (0 B and 0 C).  dec:  0  inc:  0  bl:  5000000 .  0 cars. r  0
61 - rsu3  has a demand of  0  (0 B and 0 C).  dec:  0  inc:  0  bl:  5000000 .  0 cars. r  0

 =========================================//===============================================================
67 - rsu1  has a demand of  0  (0 B and 0 C).  dec:  0  inc:  0  bl:  5000000 .  0 cars. r  0
67 - rsu2  has a demand of  0  (0 B and 0 C).  dec:  0  inc:  0  bl:  5000000 .  0 cars. r  0
67 - rsu3  has a demand of  0  (0 B and 0 C).  dec:  0  inc:  0  bl:  5000000 .  0 cars. r  0

 =========================================//===============================================================
72 - rsu1  has a demand of  0  (0 B and 0 C).  dec:  0  inc:  0  bl:  5000000 .  0 cars. r  0
72 - rsu2  has a demand of  0  (0 B and 0 C).  dec:  0  inc:  0  bl:  5000000 .  0 cars. r  0
72 - rsu3  has a demand of  0  (0 B and 0 C).  dec:  0  inc:  0  bl:  5000000 .  0 cars. r  0

 =========================================//===============================================================
78 - rsu1  has a demand of  0  (0 B and 0 C).  dec:  0  inc:  0  bl:  5000000 .  0 cars. r  0
78 - rsu2  has a demand of  0  (0 B and 0 C).  dec:  0  inc:  0  bl:  5000000 .  0 cars. r  0
78 - rsu3  has a demand of  0  (0 B and 0 C).  dec:  0  inc:  0  bl:  5000000 .  0 cars. r  0

 =========================================//===============================================================
83 - rsu1  has a demand of  0  (0 B and 0 C).  dec:  0  inc:  0  bl:  5000000 .  0 cars. r  0
83 - rsu2  has a demand of  0  (0 B and 0 C).  dec:  0  inc:  0  bl:  5000000 .  0 cars. r  0
83 - rsu3  has a demand of  1500000  (500000 B and 1000000 C).  dec:  0  inc:  0  bl:  3500000 .  1 cars. r  0

 =========================================//===============================================================
89 - rsu1  has a demand of  0  (0 B and 0 C).  dec:  0  inc:  0  bl:  5000000 .  0 cars. r  0
89 - rsu2  has a demand of  0  (0 B and 0 C).  dec:  0  inc:  0  bl:  5000000 .  0 cars. r  0
89 - rsu3  has a demand of  1500000  (500000 B and 1000000 C).  dec:  0  inc:  0  bl:  3500000 .  1 cars. r  0

 =========================================//===============================================================
94 - rsu1  has a demand of  0  (0 B and 0 C).  dec:  0  inc:  0  bl:  5000000 .  0 cars. r  0
94 - rsu2  has a demand of  0  (0 B and 0 C).  dec:  0  inc:  0  bl:  5000000 .  0 cars. r  0
95 - rsu3  has a demand of  7500000  (2500000 B and 5000000 C).  dec:  0  inc:  0  bl:  -2500000 .  5 cars. r  0

 =========================================//===============================================================
rsu3 congested. Waiting 20 seconds to confirm...
recalculating balance of RSUs...
115 - rsu1  has a demand of  0  (0 B and 0 C).  dec:  0  inc:  0  bl:  5000000 .  0 cars. r  0
115 - rsu2  has a demand of  0  (0 B and 0 C).  dec:  0  inc:  0  bl:  5000000 .  0 cars. r  0
116 - rsu3  has a demand of  7500000  (2500000 B and 5000000 C).  dec:  0  inc:  0  bl:  -2500000 .  12 cars. r  0

 =========================================//===============================================================

 rsu3 congested. RSU2 suportts at least an C application. C applications will be redirected until balance over app C demand.
00:00:00:00:00:01  is associated to an C application
redirecting  00:00:00:00:00:01  from rsu3 to rsu2

 rsu3 congested. RSU2 suportts at least an C application. C applications will be redirected until balance over app C demand.
00:00:00:00:00:02  is associated to an C application
redirecting  00:00:00:00:00:02  from rsu3 to rsu2

 rsu3 congested. RSU2 suportts at least an C application. C applications will be redirected until balance over app C demand.
00:00:00:00:00:03  is associated to an C application
redirecting  00:00:00:00:00:03  from rsu3 to rsu2
124 - rsu1  has a demand of  0  (0 B and 0 C).  dec:  0  inc:  0  bl:  5000000 .  0 cars. r  0
124 - rsu2  has a demand of  0  (0 B and 0 C).  dec:  3000000  inc:  0  bl:  2000000 .  0 cars. r  3
125 - rsu3  has a demand of  7500000  (2500000 B and 5000000 C).  dec:  0  inc:  3000000  bl:  500000 .  14 cars. r  3

 =========================================//===============================================================
132 - rsu1  has a demand of  0  (0 B and 0 C).  dec:  0  inc:  0  bl:  5000000 .  0 cars. r  0
132 - rsu2  has a demand of  0  (0 B and 0 C).  dec:  3000000  inc:  0  bl:  2000000 .  0 cars. r  3
133 - rsu3  has a demand of  7500000  (2500000 B and 5000000 C).  dec:  0  inc:  3000000  bl:  500000 .  16 cars. r  3

 =========================================//===============================================================
141 - rsu1  has a demand of  0  (0 B and 0 C).  dec:  0  inc:  0  bl:  5000000 .  0 cars. r  0
141 - rsu2  has a demand of  0  (0 B and 0 C).  dec:  3000000  inc:  0  bl:  2000000 .  0 cars. r  3
142 - rsu3  has a demand of  7500000  (2500000 B and 5000000 C).  dec:  0  inc:  3000000  bl:  500000 .  17 cars. r  3

 =========================================//===============================================================
150 - rsu1  has a demand of  0  (0 B and 0 C).  dec:  0  inc:  0  bl:  5000000 .  0 cars. r  0
150 - rsu2  has a demand of  0  (0 B and 0 C).  dec:  3000000  inc:  0  bl:  2000000 .  0 cars. r  3
150 - rsu3  has a demand of  7500000  (2500000 B and 5000000 C).  dec:  0  inc:  3000000  bl:  500000 .  17 cars. r  3

 =========================================//===============================================================
158 - rsu1  has a demand of  0  (0 B and 0 C).  dec:  0  inc:  0  bl:  5000000 .  0 cars. r  0
159 - rsu2  has a demand of  0  (0 B and 0 C).  dec:  3000000  inc:  0  bl:  2000000 .  0 cars. r  3
159 - rsu3  has a demand of  7500000  (2500000 B and 5000000 C).  dec:  0  inc:  3000000  bl:  500000 .  17 cars. r  3

 =========================================//===============================================================
167 - rsu1  has a demand of  0  (0 B and 0 C).  dec:  0  inc:  0  bl:  5000000 .  0 cars. r  0
168 - rsu2  has a demand of  0  (0 B and 0 C).  dec:  3000000  inc:  0  bl:  2000000 .  0 cars. r  3
168 - rsu3  has a demand of  7500000  (2500000 B and 5000000 C).  dec:  0  inc:  3000000  bl:  500000 .  17 cars. r  3

 =========================================//===============================================================
176 - rsu1  has a demand of  0  (0 B and 0 C).  dec:  0  inc:  0  bl:  5000000 .  0 cars. r  0
177 - rsu2  has a demand of  0  (0 B and 0 C).  dec:  3000000  inc:  0  bl:  2000000 .  0 cars. r  3
177 - rsu3  has a demand of  7500000  (2500000 B and 5000000 C).  dec:  0  inc:  3000000  bl:  500000 .  17 cars. r  3

 =========================================//===============================================================
185 - rsu1  has a demand of  0  (0 B and 0 C).  dec:  0  inc:  0  bl:  5000000 .  0 cars. r  0
186 - rsu2  has a demand of  0  (0 B and 0 C).  dec:  3000000  inc:  0  bl:  2000000 .  0 cars. r  3
186 - rsu3  has a demand of  7500000  (2500000 B and 5000000 C).  dec:  0  inc:  3000000  bl:  500000 .  17 cars. r  3

 =========================================//===============================================================
194 - rsu1  has a demand of  0  (0 B and 0 C).  dec:  0  inc:  0  bl:  5000000 .  0 cars. r  0
194 - rsu2  has a demand of  0  (0 B and 0 C).  dec:  3000000  inc:  0  bl:  2000000 .  0 cars. r  3
195 - rsu3  has a demand of  7500000  (2500000 B and 5000000 C).  dec:  0  inc:  3000000  bl:  500000 .  17 cars. r  3

 =========================================//===============================================================
203 - rsu1  has a demand of  0  (0 B and 0 C).  dec:  0  inc:  0  bl:  5000000 .  0 cars. r  0
203 - rsu2  has a demand of  0  (0 B and 0 C).  dec:  3000000  inc:  0  bl:  2000000 .  0 cars. r  3
204 - rsu3  has a demand of  7500000  (2500000 B and 5000000 C).  dec:  0  inc:  3000000  bl:  500000 .  17 cars. r  3

 =========================================//===============================================================
213 - rsu1  has a demand of  0  (0 B and 0 C).  dec:  0  inc:  0  bl:  5000000 .  0 cars. r  0
213 - rsu2  has a demand of  0  (0 B and 0 C).  dec:  3000000  inc:  0  bl:  2000000 .  0 cars. r  3
213 - rsu3  has a demand of  7500000  (2500000 B and 5000000 C).  dec:  0  inc:  3000000  bl:  500000 .  17 cars. r  3

 =========================================//===============================================================
222 - rsu1  has a demand of  0  (0 B and 0 C).  dec:  0  inc:  0  bl:  5000000 .  0 cars. r  0
222 - rsu2  has a demand of  0  (0 B and 0 C).  dec:  3000000  inc:  0  bl:  2000000 .  0 cars. r  3
222 - rsu3  has a demand of  7500000  (2500000 B and 5000000 C).  dec:  0  inc:  3000000  bl:  500000 .  17 cars. r  3

 =========================================//===============================================================
230 - rsu1  has a demand of  0  (0 B and 0 C).  dec:  0  inc:  0  bl:  5000000 .  0 cars. r  0
231 - rsu2  has a demand of  0  (0 B and 0 C).  dec:  3000000  inc:  0  bl:  2000000 .  0 cars. r  3
231 - rsu3  has a demand of  7500000  (2500000 B and 5000000 C).  dec:  0  inc:  3000000  bl:  500000 .  17 cars. r  3

 =========================================//===============================================================
240 - rsu1  has a demand of  0  (0 B and 0 C).  dec:  0  inc:  0  bl:  5000000 .  0 cars. r  0
240 - rsu2  has a demand of  0  (0 B and 0 C).  dec:  3000000  inc:  0  bl:  2000000 .  0 cars. r  3
240 - rsu3  has a demand of  7500000  (2500000 B and 5000000 C).  dec:  0  inc:  3000000  bl:  500000 .  17 cars. r  3

 =========================================//===============================================================
249 - rsu1  has a demand of  0  (0 B and 0 C).  dec:  0  inc:  0  bl:  5000000 .  0 cars. r  0
249 - rsu2  has a demand of  0  (0 B and 0 C).  dec:  3000000  inc:  0  bl:  2000000 .  0 cars. r  3
250 - rsu3  has a demand of  7500000  (2500000 B and 5000000 C).  dec:  0  inc:  3000000  bl:  500000 .  17 cars. r  3

 =========================================//===============================================================
258 - rsu1  has a demand of  0  (0 B and 0 C).  dec:  0  inc:  0  bl:  5000000 .  0 cars. r  0
258 - rsu2  has a demand of  3000000  (1000000 B and 2000000 C).  dec:  3000000  inc:  0  bl:  -1000000 .  2 cars. r  3
259 - rsu3  has a demand of  7500000  (2500000 B and 5000000 C).  dec:  0  inc:  3000000  bl:  500000 .  17 cars. r  3

 =========================================//===============================================================
rsu2 congested. Waiting 20 seconds to confirm...
recalculating balance of RSUs...
281 - rsu1  has a demand of  0  (0 B and 0 C).  dec:  0  inc:  0  bl:  5000000 .  0 cars. r  3
281 - rsu2  has a demand of  9000000  (3000000 B and 6000000 C).  dec:  3000000  inc:  0  bl:  -7000000 .  11 cars. r  3
282 - rsu3  has a demand of  7500000  (2500000 B and 5000000 C).  dec:  0  inc:  3000000  bl:  500000 .  17 cars. r  3

 =========================================//===============================================================

 rsu2 congested. RSU1 can deal with at least one C applications. C applcations will be redirected until there is balance.
00:00:00:00:00:06  is associetad to an C application
redirect  00:00:00:00:00:06  from rsu2 to rsu1

 rsu2 congested. RSU1 can deal with at least one C applications. C applcations will be redirected until there is balance.
00:00:00:00:00:08  is associetad to an C application
redirect  00:00:00:00:00:08  from rsu2 to rsu1

 rsu2 congested. RSU1 can deal with at least one C applications. C applcations will be redirected until there is balance.
00:00:00:00:00:07  is associetad to an C application
redirect  00:00:00:00:00:07  from rsu2 to rsu1

 rsu2 congested. RSU1 can deal with at least one C applications. C applcations will be redirected until there is balance.
00:00:00:00:00:09  is associetad to an C application
redirect  00:00:00:00:00:09  from rsu2 to rsu1

 rsu2 congested. RSU1 can deal with at least one C applications. C applcations will be redirected until there is balance.
00:00:00:00:00:10  is associetad to an C application
redirect  00:00:00:00:00:10  from rsu2 to rsu1

 rsu2 still congested. RSU3 support at least one B application. B applications will be redirected until negative balance
00:00:00:00:00:06  is associeted to an B application
redirect  00:00:00:00:00:06  from rsu2 to rsu3

 rsu2 is still congested. RSU1 does not have avaiable balance. C applications will be limited.
00:00:00:00:00:11  is associated to an C application and will be limited. Internet also will be blocked
limiting  00:00:00:00:00:11  in rsu2...

 rsu2 still congested. RSUs 1 and 3 have no availabe balance. C applications that was redirected will be locally limited until there is balance in neighbor.
C application in 00:00:00:00:00:10 was redirected and will be locally limited. Internet also will be blocked

 rsu2 still congested. RSU1 suports at least one B application. B applications will be redirected until there is balance
00:00:00:00:00:08  is associated to an B application
redirect  00:00:00:00:00:08  from rsu2 to rsu2
312 - rsu1  has a demand of  0  (0 B and 0 C).  dec:  4500000  inc:  0  bl:  500000 .  0 cars. r  5
313 - rsu2  has a demand of  9000000  (3000000 B and 6000000 C).  dec:  3000000  inc:  7000000  bl:  0 .  17 cars. r  13
314 - rsu3  has a demand of  7500000  (2500000 B and 5000000 C).  dec:  500000  inc:  3000000  bl:  0 .  17 cars. r  4

 =========================================//===============================================================
327 - rsu1  has a demand of  0  (0 B and 0 C).  dec:  4500000  inc:  0  bl:  500000 .  0 cars. r  5
328 - rsu2  has a demand of  9000000  (3000000 B and 6000000 C).  dec:  3000000  inc:  7000000  bl:  0 .  17 cars. r  13
329 - rsu3  has a demand of  7500000  (2500000 B and 5000000 C).  dec:  500000  inc:  3000000  bl:  0 .  17 cars. r  4

 =========================================//===============================================================
341 - rsu1  has a demand of  0  (0 B and 0 C).  dec:  4500000  inc:  0  bl:  500000 .  0 cars. r  5
342 - rsu2  has a demand of  9000000  (3000000 B and 6000000 C).  dec:  3000000  inc:  7000000  bl:  0 .  17 cars. r  13
343 - rsu3  has a demand of  7500000  (2500000 B and 5000000 C).  dec:  500000  inc:  3000000  bl:  0 .  17 cars. r  4

 =========================================//===============================================================
355 - rsu1  has a demand of  0  (0 B and 0 C).  dec:  4500000  inc:  0  bl:  500000 .  0 cars. r  5
357 - rsu2  has a demand of  9000000  (3000000 B and 6000000 C).  dec:  3000000  inc:  7000000  bl:  0 .  17 cars. r  13
358 - rsu3  has a demand of  7500000  (2500000 B and 5000000 C).  dec:  500000  inc:  3000000  bl:  0 .  17 cars. r  4

 =========================================//===============================================================
369 - rsu1  has a demand of  0  (0 B and 0 C).  dec:  4500000  inc:  0  bl:  500000 .  0 cars. r  5
371 - rsu2  has a demand of  9000000  (3000000 B and 6000000 C).  dec:  3000000  inc:  7000000  bl:  0 .  17 cars. r  13
372 - rsu3  has a demand of  7500000  (2500000 B and 5000000 C).  dec:  500000  inc:  3000000  bl:  0 .  17 cars. r  4

 =========================================//===============================================================
385 - rsu1  has a demand of  0  (0 B and 0 C).  dec:  4500000  inc:  0  bl:  500000 .  0 cars. r  5
386 - rsu2  has a demand of  9000000  (3000000 B and 6000000 C).  dec:  3000000  inc:  7000000  bl:  0 .  17 cars. r  13
387 - rsu3  has a demand of  7500000  (2500000 B and 5000000 C).  dec:  500000  inc:  3000000  bl:  0 .  17 cars. r  4

 =========================================//===============================================================
399 - rsu1  has a demand of  0  (0 B and 0 C).  dec:  4500000  inc:  0  bl:  500000 .  0 cars. r  5
400 - rsu2  has a demand of  9000000  (3000000 B and 6000000 C).  dec:  3000000  inc:  7000000  bl:  0 .  17 cars. r  13
401 - rsu3  has a demand of  7500000  (2500000 B and 5000000 C).  dec:  500000  inc:  3000000  bl:  0 .  17 cars. r  4

 =========================================//===============================================================
413 - rsu1  has a demand of  0  (0 B and 0 C).  dec:  4500000  inc:  0  bl:  500000 .  0 cars. r  5
415 - rsu2  has a demand of  9000000  (3000000 B and 6000000 C).  dec:  3000000  inc:  7000000  bl:  0 .  17 cars. r  13
416 - rsu3  has a demand of  7500000  (2500000 B and 5000000 C).  dec:  500000  inc:  3000000  bl:  0 .  17 cars. r  4

 =========================================//===============================================================
428 - rsu1  has a demand of  4500000  (1500000 B and 3000000 C).  dec:  4500000  inc:  0  bl:  -4000000 .  3 cars. r  5
429 - rsu2  has a demand of  9000000  (3000000 B and 6000000 C).  dec:  3000000  inc:  7000000  bl:  0 .  17 cars. r  13
431 - rsu3  has a demand of  7500000  (2500000 B and 5000000 C).  dec:  500000  inc:  3000000  bl:  0 .  17 cars. r  4

 =========================================//===============================================================
rsu1 congested. Waiting 20 seconds to confirm...
recalculating balance of RSUs...
452 - rsu1  has a demand of  6000000  (2000000 B and 4000000 C).  dec:  4500000  inc:  0  bl:  -5500000 .  8 cars. r  4
453 - rsu2  has a demand of  9000000  (3000000 B and 6000000 C).  dec:  3000000  inc:  7000000  bl:  0 .  17 cars. r  4
455 - rsu3  has a demand of  7500000  (2500000 B and 5000000 C).  dec:  500000  inc:  3000000  bl:  0 .  17 cars. r  4

 =========================================//===============================================================

 rsu1 is still congested. RSU2 there is no balance available. C applications will be limited, and internet (app G) blocked in RAN.
00:00:00:00:00:12  is associeted to C application and will be limited
limiting  00:00:00:00:00:12  em rsu1...

 rsu1 is still congested. RSU2 there is no balance available. C applications will be limited, and internet (app G) blocked in RAN.
00:00:00:00:00:13  is associeted to C application and will be limited
limiting  00:00:00:00:00:13  em rsu1...

 rsu1 is still congested. RSU2 there is no balance available. C applications will be limited, and internet (app G) blocked in RAN.
00:00:00:00:00:14  is associeted to C application and will be limited
limiting  00:00:00:00:00:14  em rsu1...

 rsu1 is still congested. RSU2 there is no balance available. C applications will be limited, and internet (app G) blocked in RAN.
00:00:00:00:00:15  is associeted to C application and will be limited
limiting  00:00:00:00:00:15  em rsu1...

 rsu1 is still congested. RSU2 dont has availabel balance. No actions to do in C applications. B applications will be limited until there is positive balance, and C of this vehicle blocked.
00:00:00:00:00:12  is associated to an B application and will be limited, and C blocked
blocking  00:00:00:00:00:12  in rsu1...
478 - rsu1  has a demand of  6000000  (2000000 B and 4000000 C).  dec:  4500000  inc:  5500000  bl:  0 .  16 cars. r  15
479 - rsu2  has a demand of  9000000  (3000000 B and 6000000 C).  dec:  3000000  inc:  7000000  bl:  0 .  17 cars. r  13
480 - rsu3  has a demand of  7500000  (2500000 B and 5000000 C).  dec:  500000  inc:  3000000  bl:  0 .  17 cars. r  4

 =========================================//===============================================================
499 - rsu1  has a demand of  6000000  (2000000 B and 4000000 C).  dec:  4500000  inc:  5500000  bl:  0 .  16 cars. r  15
500 - rsu2  has a demand of  9000000  (3000000 B and 6000000 C).  dec:  3000000  inc:  7000000  bl:  0 .  17 cars. r  13
502 - rsu3  has a demand of  7500000  (2500000 B and 5000000 C).  dec:  500000  inc:  3000000  bl:  0 .  17 cars. r  4

 =========================================//===============================================================
518 - rsu1  has a demand of  6000000  (2000000 B and 4000000 C).  dec:  4500000  inc:  5500000  bl:  0 .  16 cars. r  15
519 - rsu2  has a demand of  9000000  (3000000 B and 6000000 C).  dec:  3000000  inc:  7000000  bl:  0 .  17 cars. r  13
521 - rsu3  has a demand of  7500000  (2500000 B and 5000000 C).  dec:  500000  inc:  3000000  bl:  0 .  17 cars. r  4

 =========================================//===============================================================
538 - rsu1  has a demand of  6000000  (2000000 B and 4000000 C).  dec:  4500000  inc:  5500000  bl:  0 .  16 cars. r  15
539 - rsu2  has a demand of  9000000  (3000000 B and 6000000 C).  dec:  3000000  inc:  7000000  bl:  0 .  17 cars. r  13
540 - rsu3  has a demand of  7500000  (2500000 B and 5000000 C).  dec:  500000  inc:  3000000  bl:  0 .  17 cars. r  4

 =========================================//===============================================================
557 - rsu1  has a demand of  6000000  (2000000 B and 4000000 C).  dec:  4500000  inc:  5500000  bl:  0 .  16 cars. r  15
558 - rsu2  has a demand of  9000000  (3000000 B and 6000000 C).  dec:  3000000  inc:  7000000  bl:  0 .  17 cars. r  13
560 - rsu3  has a demand of  7500000  (2500000 B and 5000000 C).  dec:  500000  inc:  3000000  bl:  0 .  17 cars. r  4

 =========================================//===============================================================

